Determining if the pthread_create exist failed with the following output:
Change Dir: /rippled/my_build/CMakeFiles/CMakeTmp

Run Build Command:"/usr/bin/make" "cmTC_a3dbb/fast"
/usr/bin/make -f CMakeFiles/cmTC_a3dbb.dir/build.make CMakeFiles/cmTC_a3dbb.dir/build
make[1]: Entering directory '/rippled/my_build/CMakeFiles/CMakeTmp'
Building C object CMakeFiles/cmTC_a3dbb.dir/CheckSymbolExists.c.o
/usr/bin/cc    -o CMakeFiles/cmTC_a3dbb.dir/CheckSymbolExists.c.o   -c /rippled/my_build/CMakeFiles/CMakeTmp/CheckSymbolExists.c
Linking C executable cmTC_a3dbb
/usr/local/bin/cmake -E cmake_link_script CMakeFiles/cmTC_a3dbb.dir/link.txt --verbose=1
/usr/bin/cc      CMakeFiles/cmTC_a3dbb.dir/CheckSymbolExists.c.o  -o cmTC_a3dbb 
CMakeFiles/cmTC_a3dbb.dir/CheckSymbolExists.c.o: In function `main':
CheckSymbolExists.c:(.text+0x1b): undefined reference to `pthread_create'
collect2: error: ld returned 1 exit status
CMakeFiles/cmTC_a3dbb.dir/build.make:86: recipe for target 'cmTC_a3dbb' failed
make[1]: *** [cmTC_a3dbb] Error 1
make[1]: Leaving directory '/rippled/my_build/CMakeFiles/CMakeTmp'
Makefile:121: recipe for target 'cmTC_a3dbb/fast' failed
make: *** [cmTC_a3dbb/fast] Error 2

File /rippled/my_build/CMakeFiles/CMakeTmp/CheckSymbolExists.c:
/* */
#include <pthread.h>

int main(int argc, char** argv)
{
  (void)argv;
#ifndef pthread_create
  return ((int*)(&pthread_create))[argc];
#else
  (void)argc;
  return 0;
#endif
}

